<?xml version="1.0" encoding="UTF-8"?>
<testng-results ignored="0" total="1" passed="0" failed="1" skipped="0">
  <reporter-output>
  </reporter-output>
  <suite started-at="2022-06-29T17:36:49 IST" name="Default suite" finished-at="2022-06-29T17:39:19 IST" duration-ms="150617">
    <groups>
    </groups>
    <test started-at="2022-06-29T17:36:49 IST" name="Default test" finished-at="2022-06-29T17:39:19 IST" duration-ms="150617">
      <class name="ecourierz.MPSparcelPrepaid">
        <test-method is-config="true" signature="launchBrowser()[pri:0, instance:ecourierz.MPSparcelPrepaid@2794eab6]" started-at="2022-06-29T17:36:49 IST" name="launchBrowser" finished-at="2022-06-29T17:37:20 IST" duration-ms="31866" status="PASS">
          <reporter-output>
          </reporter-output>
        </test-method> <!-- launchBrowser -->
        <test-method signature="ecourierzLogin(java.lang.String,java.lang.String,java.lang.String,java.lang.String,java.lang.String,java.lang.String,java.lang.String,java.lang.String,java.lang.String,java.lang.String,java.lang.String,java.lang.String,java.lang.String,java.lang.String,java.lang.String,java.lang.String,java.lang.String,java.lang.String,java.lang.String,java.lang.String,java.lang.String,java.lang.String,java.lang.String)[pri:0, instance:ecourierz.MPSparcelPrepaid@2794eab6]" started-at="2022-06-29T17:37:30 IST" name="ecourierzLogin" data-provider="MPS Prepaid" finished-at="2022-06-29T17:39:19 IST" duration-ms="108844" status="FAIL">
          <params>
            <param index="0">
              <value>
                <![CDATA[https://qa.ecourierz.com/beta/user/dashboard]]>
              </value>
            </param>
            <param index="1">
              <value>
                <![CDATA[devops@ecourierz.com]]>
              </value>
            </param>
            <param index="2">
              <value>
                <![CDATA[password]]>
              </value>
            </param>
            <param index="3">
              <value>
                <![CDATA[Ashwin]]>
              </value>
            </param>
            <param index="4">
              <value>
                <![CDATA[add1]]>
              </value>
            </param>
            <param index="5">
              <value>
                <![CDATA[add2]]>
              </value>
            </param>
            <param index="6">
              <value>
                <![CDATA[add3]]>
              </value>
            </param>
            <param index="7">
              <value>
                <![CDATA[560003]]>
              </value>
            </param>
            <param index="8">
              <value>
                <![CDATA[ashwin@gmail.com]]>
              </value>
            </param>
            <param index="9">
              <value>
                <![CDATA[9995556664]]>
              </value>
            </param>
            <param index="10">
              <value>
                <![CDATA[Laptop]]>
              </value>
            </param>
            <param index="11">
              <value>
                <![CDATA[6]]>
              </value>
            </param>
            <param index="12">
              <value>
                <![CDATA[5]]>
              </value>
            </param>
            <param index="13">
              <value>
                <![CDATA[12]]>
              </value>
            </param>
            <param index="14">
              <value>
                <![CDATA[20]]>
              </value>
            </param>
            <param index="15">
              <value>
                <![CDATA[1]]>
              </value>
            </param>
            <param index="16">
              <value>
                <![CDATA[15]]>
              </value>
            </param>
            <param index="17">
              <value>
                <![CDATA[4]]>
              </value>
            </param>
            <param index="18">
              <value>
                <![CDATA[22]]>
              </value>
            </param>
            <param index="19">
              <value>
                <![CDATA[50]]>
              </value>
            </param>
            <param index="20">
              <value>
                <![CDATA[1]]>
              </value>
            </param>
            <param index="21">
              <value>
                <![CDATA[654789k]]>
              </value>
            </param>
            <param index="22">
              <value>
                <![CDATA[65478]]>
              </value>
            </param>
          </params>
          <exception class="org.openqa.selenium.InvalidSelectorException">
            <message>
              <![CDATA[invalid selector: Unable to locate an element with the xpath expression html[1]/body[1]/app-root[1]/app-shipment[1]/div[1]/div[1]/app-listing[1]/div[1]/div[1]/div[1]/div[2]/div[1]/div[1]/table[1]/tbody[1]/tr[2]/td[1]/div[1]/div[1]/div[3]/div[1]/table[1]/tbody[1]/tr[1]/td[2]s because of the following error:
SyntaxError: Failed to execute 'evaluate' on 'Document': The string 'html[1]/body[1]/app-root[1]/app-shipment[1]/div[1]/div[1]/app-listing[1]/div[1]/div[1]/div[1]/div[2]/div[1]/div[1]/table[1]/tbody[1]/tr[2]/td[1]/div[1]/div[1]/div[3]/div[1]/table[1]/tbody[1]/tr[1]/td[2]s' is not a valid XPath expression.
  (Session info: chrome=103.0.5060.66)
For documentation on this error, please visit: https://selenium.dev/exceptions/#invalid_selector_exception
Build info: version: '4.0.0', revision: '3a21814679'
System info: host: 'DESKTOP-PCPPR47', ip: '192.168.0.102', os.name: 'Windows 10', os.arch: 'amd64', os.version: '10.0', java.version: '16.0.1'
Driver info: org.openqa.selenium.chrome.ChromeDriver
Command: [6d9bb9988e565508af8aa354ff3c31e7, findElement {using=xpath, value=html[1]/body[1]/app-root[1]/app-shipment[1]/div[1]/div[1]/app-listing[1]/div[1]/div[1]/div[1]/div[2]/div[1]/div[1]/table[1]/tbody[1]/tr[2]/td[1]/div[1]/div[1]/div[3]/div[1]/table[1]/tbody[1]/tr[1]/td[2]s}]
Capabilities {acceptInsecureCerts: false, browserName: chrome, browserVersion: 103.0.5060.66, chrome: {chromedriverVersion: 103.0.5060.53 (a1711811edd7..., userDataDir: C:\Users\DELL\AppData\Local...}, goog:chromeOptions: {debuggerAddress: localhost:59371}, javascriptEnabled: true, networkConnectionEnabled: false, pageLoadStrategy: normal, platform: WINDOWS, platformName: WINDOWS, proxy: Proxy(), se:cdp: ws://localhost:59371/devtoo..., se:cdpVersion: 103.0.5060.66, setWindowRect: true, strictFileInteractability: false, timeouts: {implicit: 0, pageLoad: 300000, script: 30000}, unhandledPromptBehavior: dismiss and notify, webauthn:extension:credBlob: true, webauthn:extension:largeBlob: true, webauthn:virtualAuthenticators: true}
Session ID: 6d9bb9988e565508af8aa354ff3c31e7]]>
            </message>
            <full-stacktrace>
              <![CDATA[org.openqa.selenium.InvalidSelectorException: invalid selector: Unable to locate an element with the xpath expression html[1]/body[1]/app-root[1]/app-shipment[1]/div[1]/div[1]/app-listing[1]/div[1]/div[1]/div[1]/div[2]/div[1]/div[1]/table[1]/tbody[1]/tr[2]/td[1]/div[1]/div[1]/div[3]/div[1]/table[1]/tbody[1]/tr[1]/td[2]s because of the following error:
SyntaxError: Failed to execute 'evaluate' on 'Document': The string 'html[1]/body[1]/app-root[1]/app-shipment[1]/div[1]/div[1]/app-listing[1]/div[1]/div[1]/div[1]/div[2]/div[1]/div[1]/table[1]/tbody[1]/tr[2]/td[1]/div[1]/div[1]/div[3]/div[1]/table[1]/tbody[1]/tr[1]/td[2]s' is not a valid XPath expression.
  (Session info: chrome=103.0.5060.66)
For documentation on this error, please visit: https://selenium.dev/exceptions/#invalid_selector_exception
Build info: version: '4.0.0', revision: '3a21814679'
System info: host: 'DESKTOP-PCPPR47', ip: '192.168.0.102', os.name: 'Windows 10', os.arch: 'amd64', os.version: '10.0', java.version: '16.0.1'
Driver info: org.openqa.selenium.chrome.ChromeDriver
Command: [6d9bb9988e565508af8aa354ff3c31e7, findElement {using=xpath, value=html[1]/body[1]/app-root[1]/app-shipment[1]/div[1]/div[1]/app-listing[1]/div[1]/div[1]/div[1]/div[2]/div[1]/div[1]/table[1]/tbody[1]/tr[2]/td[1]/div[1]/div[1]/div[3]/div[1]/table[1]/tbody[1]/tr[1]/td[2]s}]
Capabilities {acceptInsecureCerts: false, browserName: chrome, browserVersion: 103.0.5060.66, chrome: {chromedriverVersion: 103.0.5060.53 (a1711811edd7..., userDataDir: C:\Users\DELL\AppData\Local...}, goog:chromeOptions: {debuggerAddress: localhost:59371}, javascriptEnabled: true, networkConnectionEnabled: false, pageLoadStrategy: normal, platform: WINDOWS, platformName: WINDOWS, proxy: Proxy(), se:cdp: ws://localhost:59371/devtoo..., se:cdpVersion: 103.0.5060.66, setWindowRect: true, strictFileInteractability: false, timeouts: {implicit: 0, pageLoad: 300000, script: 30000}, unhandledPromptBehavior: dismiss and notify, webauthn:extension:credBlob: true, webauthn:extension:largeBlob: true, webauthn:virtualAuthenticators: true}
Session ID: 6d9bb9988e565508af8aa354ff3c31e7
at java.base/jdk.internal.reflect.NativeConstructorAccessorImpl.newInstance0(Native Method)
at java.base/jdk.internal.reflect.NativeConstructorAccessorImpl.newInstance(NativeConstructorAccessorImpl.java:78)
at java.base/jdk.internal.reflect.DelegatingConstructorAccessorImpl.newInstance(DelegatingConstructorAccessorImpl.java:45)
at java.base/java.lang.reflect.Constructor.newInstanceWithCaller(Constructor.java:499)
at java.base/java.lang.reflect.Constructor.newInstance(Constructor.java:480)
at org.openqa.selenium.remote.codec.w3c.W3CHttpResponseCodec.createException(W3CHttpResponseCodec.java:200)
at org.openqa.selenium.remote.codec.w3c.W3CHttpResponseCodec.decode(W3CHttpResponseCodec.java:133)
at org.openqa.selenium.remote.codec.w3c.W3CHttpResponseCodec.decode(W3CHttpResponseCodec.java:53)
at org.openqa.selenium.remote.HttpCommandExecutor.execute(HttpCommandExecutor.java:184)
at org.openqa.selenium.remote.service.DriverCommandExecutor.invokeExecute(DriverCommandExecutor.java:164)
at org.openqa.selenium.remote.service.DriverCommandExecutor.execute(DriverCommandExecutor.java:139)
at org.openqa.selenium.remote.RemoteWebDriver.execute(RemoteWebDriver.java:559)
at org.openqa.selenium.remote.ElementLocation$ElementFinder$2.findElement(ElementLocation.java:162)
at org.openqa.selenium.remote.ElementLocation.findElement(ElementLocation.java:60)
at org.openqa.selenium.remote.RemoteWebDriver.findElement(RemoteWebDriver.java:383)
at org.openqa.selenium.remote.RemoteWebDriver.findElement(RemoteWebDriver.java:375)
at ecourierz.MPSparcelPrepaid.ecourierzLogin(MPSparcelPrepaid.java:215)
at java.base/jdk.internal.reflect.NativeMethodAccessorImpl.invoke0(Native Method)
at java.base/jdk.internal.reflect.NativeMethodAccessorImpl.invoke(NativeMethodAccessorImpl.java:78)
at java.base/jdk.internal.reflect.DelegatingMethodAccessorImpl.invoke(DelegatingMethodAccessorImpl.java:43)
at java.base/java.lang.reflect.Method.invoke(Method.java:567)
at org.testng.internal.MethodInvocationHelper.invokeMethod(MethodInvocationHelper.java:133)
at org.testng.internal.TestInvoker.invokeMethod(TestInvoker.java:598)
at org.testng.internal.TestInvoker.invokeTestMethod(TestInvoker.java:173)
at org.testng.internal.MethodRunner.runInSequence(MethodRunner.java:46)
at org.testng.internal.TestInvoker$MethodInvocationAgent.invoke(TestInvoker.java:824)
at org.testng.internal.TestInvoker.invokeTestMethods(TestInvoker.java:146)
at org.testng.internal.TestMethodWorker.invokeTestMethods(TestMethodWorker.java:146)
at org.testng.internal.TestMethodWorker.run(TestMethodWorker.java:128)
at java.base/java.util.ArrayList.forEach(ArrayList.java:1511)
at org.testng.TestRunner.privateRun(TestRunner.java:794)
at org.testng.TestRunner.run(TestRunner.java:596)
at org.testng.SuiteRunner.runTest(SuiteRunner.java:377)
at org.testng.SuiteRunner.runSequentially(SuiteRunner.java:371)
at org.testng.SuiteRunner.privateRun(SuiteRunner.java:332)
at org.testng.SuiteRunner.run(SuiteRunner.java:276)
at org.testng.SuiteRunnerWorker.runSuite(SuiteRunnerWorker.java:53)
at org.testng.SuiteRunnerWorker.run(SuiteRunnerWorker.java:96)
at org.testng.TestNG.runSuitesSequentially(TestNG.java:1212)
at org.testng.TestNG.runSuitesLocally(TestNG.java:1134)
at org.testng.TestNG.runSuites(TestNG.java:1063)
at org.testng.TestNG.run(TestNG.java:1031)
at org.testng.remote.AbstractRemoteTestNG.run(AbstractRemoteTestNG.java:115)
at org.testng.remote.RemoteTestNG.initAndRun(RemoteTestNG.java:251)
at org.testng.remote.RemoteTestNG.main(RemoteTestNG.java:77)
]]>
            </full-stacktrace>
          </exception> <!-- org.openqa.selenium.InvalidSelectorException -->
          <reporter-output>
          </reporter-output>
        </test-method> <!-- ecourierzLogin -->
      </class> <!-- ecourierz.MPSparcelPrepaid -->
    </test> <!-- Default test -->
  </suite> <!-- Default suite -->
</testng-results>
